<?xml version="1.0" encoding="UTF-8"?>
<testsuite xmlns:xsi="http://www.w3.org/2001/XMLSchema-instance" xsi:noNamespaceSchemaLocation="https://maven.apache.org/surefire/maven-surefire-plugin/xsd/surefire-test-report-3.0.xsd" version="3.0" name="com.farao_community.farao.cse_valid.app.CseValidListenerTest" time="11.63" tests="2" errors="0" skipped="0" failures="0">
  <properties>
[...]
</properties>
  <testcase name="checkThatCorrectMessageIsHandledCorrectly" classname="com.farao_community.farao.cse_valid.app.CseValidListenerTest" time="0.321">
    <system-out><![CDATA[13:21:27,118 |-INFO in ch.qos.logback.classic.LoggerContext[default] - Could NOT find resource [logback-test.xml]
13:21:27,119 |-INFO in ch.qos.logback.classic.LoggerContext[default] - Could NOT find resource [logback.groovy]
13:21:27,119 |-INFO in ch.qos.logback.classic.LoggerContext[default] - Found resource [logback.xml] at [file:/home/runner/work/gridcapa-cse-valid/gridcapa-cse-valid/gridcapa-cse-valid-app/target/classes/logback.xml]
13:21:27,248 |-INFO in ch.qos.logback.classic.joran.action.ConfigurationAction - debug attribute not set
13:21:27,261 |-ERROR in ch.qos.logback.core.joran.spi.Interpreter@3:113 - no applicable action for [springProperty], current ElementPath  is [[configuration][springProperty]]
13:21:27,262 |-ERROR in ch.qos.logback.core.joran.spi.Interpreter@4:108 - no applicable action for [springProperty], current ElementPath  is [[configuration][springProperty]]
13:21:27,262 |-ERROR in ch.qos.logback.core.joran.spi.Interpreter@5:118 - no applicable action for [springProperty], current ElementPath  is [[configuration][springProperty]]
13:21:27,262 |-ERROR in ch.qos.logback.core.joran.spi.Interpreter@6:118 - no applicable action for [springProperty], current ElementPath  is [[configuration][springProperty]]
13:21:27,262 |-ERROR in ch.qos.logback.core.joran.spi.Interpreter@7:139 - no applicable action for [springProperty], current ElementPath  is [[configuration][springProperty]]
13:21:27,263 |-ERROR in ch.qos.logback.core.joran.spi.Interpreter@8:115 - no applicable action for [springProperty], current ElementPath  is [[configuration][springProperty]]
13:21:27,263 |-ERROR in ch.qos.logback.core.joran.spi.Interpreter@9:124 - no applicable action for [springProperty], current ElementPath  is [[configuration][springProperty]]
13:21:27,263 |-INFO in ch.qos.logback.core.joran.action.AppenderAction - About to instantiate appender of type [org.springframework.amqp.rabbit.logback.AmqpAppender]
13:21:27,456 |-INFO in ch.qos.logback.core.joran.action.AppenderAction - Naming appender as [amqp-business-events]
13:21:27,503 |-INFO in ch.qos.logback.core.joran.action.NestedComplexPropertyIA - Assuming default type [net.logstash.logback.fieldnames.LogstashFieldNames] for [fieldNames] property
13:21:27,957 |-ERROR in ch.qos.logback.core.joran.util.PropertySetter@54a81a18 - Failed to invoke valueOf{} method in class [java.lang.Integer] with value [rabbitMQPort_IS_UNDEFINED]
13:21:27,957 |-WARN in ch.qos.logback.core.joran.util.PropertySetter@54a81a18 - Failed to set property [port] to value "rabbitMQPort_IS_UNDEFINED".  ch.qos.logback.core.util.PropertySetterException: Conversion to type [class java.lang.Integer] failed.
	at ch.qos.logback.core.util.PropertySetterException: Conversion to type [class java.lang.Integer] failed.
	at 	at ch.qos.logback.core.joran.util.PropertySetter.setProperty(PropertySetter.java:128)
	at 	at ch.qos.logback.core.joran.util.PropertySetter.setProperty(PropertySetter.java:98)
	at 	at ch.qos.logback.core.joran.action.NestedBasicPropertyIA.body(NestedBasicPropertyIA.java:95)
	at 	at ch.qos.logback.core.joran.spi.Interpreter.callBodyAction(Interpreter.java:289)
	at 	at ch.qos.logback.core.joran.spi.Interpreter.characters(Interpreter.java:172)
	at 	at ch.qos.logback.core.joran.spi.EventPlayer.play(EventPlayer.java:57)
	at 	at ch.qos.logback.core.joran.GenericConfigurator.doConfigure(GenericConfigurator.java:165)
	at 	at ch.qos.logback.core.joran.GenericConfigurator.doConfigure(GenericConfigurator.java:152)
	at 	at ch.qos.logback.core.joran.GenericConfigurator.doConfigure(GenericConfigurator.java:110)
	at 	at ch.qos.logback.core.joran.GenericConfigurator.doConfigure(GenericConfigurator.java:53)
	at 	at ch.qos.logback.classic.util.ContextInitializer.configureByResource(ContextInitializer.java:65)
	at 	at ch.qos.logback.classic.util.ContextInitializer.autoConfig(ContextInitializer.java:140)
	at 	at org.slf4j.impl.StaticLoggerBinder.init(StaticLoggerBinder.java:84)
	at 	at org.slf4j.impl.StaticLoggerBinder.<clinit>(StaticLoggerBinder.java:55)
	at 	at org.slf4j.LoggerFactory.bind(LoggerFactory.java:150)
	at 	at org.slf4j.LoggerFactory.performInitialization(LoggerFactory.java:124)
	at 	at org.slf4j.LoggerFactory.getILoggerFactory(LoggerFactory.java:417)
	at 	at org.slf4j.LoggerFactory.getLogger(LoggerFactory.java:362)
	at 	at org.apache.commons.logging.impl.SLF4JLogFactory.getInstance(SLF4JLogFactory.java:155)
	at 	at org.apache.commons.logging.impl.SLF4JLogFactory.getInstance(SLF4JLogFactory.java:132)
	at 	at org.apache.commons.logging.LogFactory.getLog(LogFactory.java:273)
	at 	at org.springframework.test.context.TestContextManager.<clinit>(TestContextManager.java:92)
	at 	at org.junit.jupiter.engine.execution.ExtensionValuesStore.lambda$getOrComputeIfAbsent$4(ExtensionValuesStore.java:86)
	at 	at org.junit.jupiter.engine.execution.ExtensionValuesStore$MemoizingSupplier.computeValue(ExtensionValuesStore.java:223)
	at 	at org.junit.jupiter.engine.execution.ExtensionValuesStore$MemoizingSupplier.get(ExtensionValuesStore.java:211)
	at 	at org.junit.jupiter.engine.execution.ExtensionValuesStore$StoredValue.evaluate(ExtensionValuesStore.java:191)
	at 	at org.junit.jupiter.engine.execution.ExtensionValuesStore$StoredValue.access$100(ExtensionValuesStore.java:171)
	at 	at org.junit.jupiter.engine.execution.ExtensionValuesStore.getOrComputeIfAbsent(ExtensionValuesStore.java:89)
	at 	at org.junit.jupiter.engine.execution.ExtensionValuesStore.getOrComputeIfAbsent(ExtensionValuesStore.java:93)
	at 	at org.junit.jupiter.engine.execution.NamespaceAwareStore.getOrComputeIfAbsent(NamespaceAwareStore.java:61)
	at 	at org.springframework.test.context.junit.jupiter.SpringExtension.getTestContextManager(SpringExtension.java:294)
	at 	at org.springframework.test.context.junit.jupiter.SpringExtension.beforeAll(SpringExtension.java:113)
	at 	at org.junit.jupiter.engine.descriptor.ClassBasedTestDescriptor.lambda$invokeBeforeAllCallbacks$10(ClassBasedTestDescriptor.java:381)
	at 	at org.junit.platform.engine.support.hierarchical.ThrowableCollector.execute(ThrowableCollector.java:73)
	at 	at org.junit.jupiter.engine.descriptor.ClassBasedTestDescriptor.invokeBeforeAllCallbacks(ClassBasedTestDescriptor.java:381)
	at 	at org.junit.jupiter.engine.descriptor.ClassBasedTestDescriptor.before(ClassBasedTestDescriptor.java:205)
	at 	at org.junit.jupiter.engine.descriptor.ClassBasedTestDescriptor.before(ClassBasedTestDescriptor.java:80)
	at 	at org.junit.platform.engine.support.hierarchical.NodeTestTask.lambda$executeRecursively$6(NodeTestTask.java:148)
	at 	at org.junit.platform.engine.support.hierarchical.ThrowableCollector.execute(ThrowableCollector.java:73)
	at 	at org.junit.platform.engine.support.hierarchical.NodeTestTask.lambda$executeRecursively$8(NodeTestTask.java:141)
	at 	at org.junit.platform.engine.support.hierarchical.Node.around(Node.java:137)
	at 	at org.junit.platform.engine.support.hierarchical.NodeTestTask.lambda$executeRecursively$9(NodeTestTask.java:139)
	at 	at org.junit.platform.engine.support.hierarchical.ThrowableCollector.execute(ThrowableCollector.java:73)
	at 	at org.junit.platform.engine.support.hierarchical.NodeTestTask.executeRecursively(NodeTestTask.java:138)
	at 	at org.junit.platform.engine.support.hierarchical.NodeTestTask.execute(NodeTestTask.java:95)
	at 	at java.base/java.util.ArrayList.forEach(ArrayList.java:1541)
	at 	at org.junit.platform.engine.support.hierarchical.SameThreadHierarchicalTestExecutorService.invokeAll(SameThreadHierarchicalTestExecutorService.java:41)
	at 	at org.junit.platform.engine.support.hierarchical.NodeTestTask.lambda$executeRecursively$6(NodeTestTask.java:155)
	at 	at org.junit.platform.engine.support.hierarchical.ThrowableCollector.execute(ThrowableCollector.java:73)
	at 	at org.junit.platform.engine.support.hierarchical.NodeTestTask.lambda$executeRecursively$8(NodeTestTask.java:141)
	at 	at org.junit.platform.engine.support.hierarchical.Node.around(Node.java:137)
	at 	at org.junit.platform.engine.support.hierarchical.NodeTestTask.lambda$executeRecursively$9(NodeTestTask.java:139)
	at 	at org.junit.platform.engine.support.hierarchical.ThrowableCollector.execute(ThrowableCollector.java:73)
	at 	at org.junit.platform.engine.support.hierarchical.NodeTestTask.executeRecursively(NodeTestTask.java:138)
	at 	at org.junit.platform.engine.support.hierarchical.NodeTestTask.execute(NodeTestTask.java:95)
	at 	at org.junit.platform.engine.support.hierarchical.SameThreadHierarchicalTestExecutorService.submit(SameThreadHierarchicalTestExecutorService.java:35)
	at 	at org.junit.platform.engine.support.hierarchical.HierarchicalTestExecutor.execute(HierarchicalTestExecutor.java:57)
	at 	at org.junit.platform.engine.support.hierarchical.HierarchicalTestEngine.execute(HierarchicalTestEngine.java:54)
	at 	at org.junit.platform.launcher.core.EngineExecutionOrchestrator.execute(EngineExecutionOrchestrator.java:107)
	at 	at org.junit.platform.launcher.core.EngineExecutionOrchestrator.execute(EngineExecutionOrchestrator.java:88)
	at 	at org.junit.platform.launcher.core.EngineExecutionOrchestrator.lambda$execute$0(EngineExecutionOrchestrator.java:54)
	at 	at org.junit.platform.launcher.core.EngineExecutionOrchestrator.withInterceptedStreams(EngineExecutionOrchestrator.java:67)
	at 	at org.junit.platform.launcher.core.EngineExecutionOrchestrator.execute(EngineExecutionOrchestrator.java:52)
	at 	at org.junit.platform.launcher.core.DefaultLauncher.execute(DefaultLauncher.java:114)
	at 	at org.junit.platform.launcher.core.DefaultLauncher.execute(DefaultLauncher.java:86)
	at 	at org.junit.platform.launcher.core.DefaultLauncherSession$DelegatingLauncher.execute(DefaultLauncherSession.java:86)
	at 	at org.junit.platform.launcher.core.SessionPerRequestLauncher.execute(SessionPerRequestLauncher.java:53)
	at 	at org.apache.maven.surefire.junitplatform.JUnitPlatformProvider.execute(JUnitPlatformProvider.java:188)
	at 	at org.apache.maven.surefire.junitplatform.JUnitPlatformProvider.invokeAllTests(JUnitPlatformProvider.java:154)
	at 	at org.apache.maven.surefire.junitplatform.JUnitPlatformProvider.invoke(JUnitPlatformProvider.java:128)
	at 	at org.apache.maven.surefire.booter.ForkedBooter.runSuitesInProcess(ForkedBooter.java:428)
	at 	at org.apache.maven.surefire.booter.ForkedBooter.execute(ForkedBooter.java:162)
	at 	at org.apache.maven.surefire.booter.ForkedBooter.run(ForkedBooter.java:562)
	at 	at org.apache.maven.surefire.booter.ForkedBooter.main(ForkedBooter.java:548)
13:21:28,234 |-INFO in ch.qos.logback.classic.joran.action.LoggerAction - Setting level of logger [BUSINESS_LOGGER] to INFO
13:21:28,234 |-INFO in ch.qos.logback.classic.joran.action.LoggerAction - Setting additivity of logger [BUSINESS_LOGGER] to false
13:21:28,234 |-INFO in ch.qos.logback.core.joran.action.AppenderRefAction - Attaching appender named [amqp-business-events] to Logger[BUSINESS_LOGGER]
13:21:28,235 |-INFO in ch.qos.logback.core.joran.action.AppenderAction - About to instantiate appender of type [ch.qos.logback.core.ConsoleAppender]
13:21:28,238 |-INFO in ch.qos.logback.core.joran.action.AppenderAction - Naming appender as [STDOUT]
13:21:28,238 |-INFO in ch.qos.logback.core.joran.action.NestedComplexPropertyIA - Assuming default type [ch.qos.logback.classic.encoder.PatternLayoutEncoder] for [encoder] property
13:21:28,245 |-INFO in ch.qos.logback.classic.joran.action.RootLoggerAction - Setting level of ROOT logger to INFO
13:21:28,245 |-INFO in ch.qos.logback.core.joran.action.AppenderRefAction - Attaching appender named [STDOUT] to Logger[ROOT]
13:21:28,245 |-INFO in ch.qos.logback.classic.joran.action.ConfigurationAction - End of configuration.
13:21:28,246 |-INFO in ch.qos.logback.classic.joran.JoranConfigurator@290964bd - Registering current configuration as safe fallback point

2022-04-20 13:21:28.327 [main] INFO  o.s.b.t.c.SpringBootTestContextBootstrapper - Neither @ContextConfiguration nor @ContextHierarchy found for test class [com.farao_community.farao.cse_valid.app.CseValidListenerTest], using SpringBootContextLoader
2022-04-20 13:21:28.336 [main] INFO  o.s.t.c.s.AbstractContextLoader - Could not detect default resource locations for test class [com.farao_community.farao.cse_valid.app.CseValidListenerTest]: no resource found for suffixes {-context.xml, Context.groovy}.
2022-04-20 13:21:28.478 [main] INFO  o.s.b.t.c.SpringBootTestContextBootstrapper - Found @SpringBootConfiguration com.farao_community.farao.cse_valid.app.CseValidApplication for test class com.farao_community.farao.cse_valid.app.CseValidListenerTest
2022-04-20 13:21:28.666 [main] INFO  o.s.b.t.c.SpringBootTestContextBootstrapper - Loaded default TestExecutionListener class names from location [META-INF/spring.factories]: [org.springframework.boot.test.mock.mockito.MockitoTestExecutionListener, org.springframework.boot.test.mock.mockito.ResetMocksTestExecutionListener, org.springframework.boot.test.autoconfigure.restdocs.RestDocsTestExecutionListener, org.springframework.boot.test.autoconfigure.web.client.MockRestServiceServerResetTestExecutionListener, org.springframework.boot.test.autoconfigure.web.servlet.MockMvcPrintOnlyOnFailureTestExecutionListener, org.springframework.boot.test.autoconfigure.web.servlet.WebDriverTestExecutionListener, org.springframework.boot.test.autoconfigure.webservices.client.MockWebServiceServerTestExecutionListener, org.springframework.test.context.web.ServletTestExecutionListener, org.springframework.test.context.support.DirtiesContextBeforeModesTestExecutionListener, org.springframework.test.context.event.ApplicationEventsTestExecutionListener, org.springframework.test.context.support.DependencyInjectionTestExecutionListener, org.springframework.test.context.support.DirtiesContextTestExecutionListener, org.springframework.test.context.transaction.TransactionalTestExecutionListener, org.springframework.test.context.jdbc.SqlScriptsTestExecutionListener, org.springframework.test.context.event.EventPublishingTestExecutionListener]
2022-04-20 13:21:28.694 [main] INFO  o.s.b.t.c.SpringBootTestContextBootstrapper - Using TestExecutionListeners: [org.springframework.test.context.web.ServletTestExecutionListener@38cbc9a7, org.springframework.test.context.support.DirtiesContextBeforeModesTestExecutionListener@1006fe59, org.springframework.test.context.event.ApplicationEventsTestExecutionListener@3dacb927, org.springframework.boot.test.mock.mockito.MockitoTestExecutionListener@5d7b361, org.springframework.boot.test.autoconfigure.SpringBootDependencyInjectionTestExecutionListener@6337c48d, org.springframework.test.context.support.DirtiesContextTestExecutionListener@44640a84, org.springframework.test.context.transaction.TransactionalTestExecutionListener@1c59f6ae, org.springframework.test.context.jdbc.SqlScriptsTestExecutionListener@24ad12ff, org.springframework.test.context.event.EventPublishingTestExecutionListener@7963a94b, org.springframework.boot.test.mock.mockito.ResetMocksTestExecutionListener@1db7acc9, org.springframework.boot.test.autoconfigure.restdocs.RestDocsTestExecutionListener@4e08c557, org.springframework.boot.test.autoconfigure.web.client.MockRestServiceServerResetTestExecutionListener@27e1c83, org.springframework.boot.test.autoconfigure.web.servlet.MockMvcPrintOnlyOnFailureTestExecutionListener@66b3c476, org.springframework.boot.test.autoconfigure.web.servlet.WebDriverTestExecutionListener@46c2ed8d, org.springframework.boot.test.autoconfigure.webservices.client.MockWebServiceServerTestExecutionListener@4ee8ba7f]

  .   ____          _            __ _ _
 /\\ / ___'_ __ _ _(_)_ __  __ _ \ \ \ \
( ( )\___ | '_ | '_| | '_ \/ _` | \ \ \ \
 \\/  ___)| |_)| | | | | || (_| |  ) ) ) )
  '  |____| .__|_| |_|_| |_\__, | / / / /
 =========|_|==============|___/=/_/_/_/
 :: Spring Boot ::                (v2.6.2)

2022-04-20 13:21:29.269 [main] INFO  c.f.f.c.app.CseValidListenerTest - Starting CseValidListenerTest using Java 11.0.15 on fv-az183-780 with PID 5338 (started by runner in /home/runner/work/gridcapa-cse-valid/gridcapa-cse-valid/gridcapa-cse-valid-app)
2022-04-20 13:21:29.270 [main] INFO  c.f.f.c.app.CseValidListenerTest - No active profile set, falling back to default profiles: default
2022-04-20 13:21:29.416 [background-preinit] INFO  o.h.validator.internal.util.Version - HV000001: Hibernate Validator 6.2.0.Final
2022-04-20 13:21:30.914 [main] INFO  o.s.i.c.DefaultConfiguringBeanFactoryPostProcessor - No bean named 'errorChannel' has been explicitly defined. Therefore, a default PublishSubscribeChannel will be created.
2022-04-20 13:21:30.940 [main] INFO  o.s.i.c.DefaultConfiguringBeanFactoryPostProcessor - No bean named 'integrationHeaderChannelRegistry' has been explicitly defined. Therefore, a default DefaultHeaderChannelRegistry will be created.
2022-04-20 13:21:33.516 [main] INFO  o.s.c.s.PostProcessorRegistrationDelegate$BeanPostProcessorChecker - Bean 'org.springframework.cloud.stream.config.BindersHealthIndicatorAutoConfiguration' of type [org.springframework.cloud.stream.config.BindersHealthIndicatorAutoConfiguration] is not eligible for getting processed by all BeanPostProcessors (for example: not eligible for auto-proxying)
2022-04-20 13:21:33.538 [main] INFO  o.s.c.s.PostProcessorRegistrationDelegate$BeanPostProcessorChecker - Bean 'bindersHealthContributor' of type [org.springframework.cloud.stream.config.BindersHealthIndicatorAutoConfiguration$BindersHealthContributor] is not eligible for getting processed by all BeanPostProcessors (for example: not eligible for auto-proxying)
2022-04-20 13:21:33.549 [main] INFO  o.s.c.s.PostProcessorRegistrationDelegate$BeanPostProcessorChecker - Bean 'bindersHealthIndicatorListener' of type [org.springframework.cloud.stream.config.BindersHealthIndicatorAutoConfiguration$BindersHealthIndicatorListener] is not eligible for getting processed by all BeanPostProcessors (for example: not eligible for auto-proxying)
2022-04-20 13:21:33.615 [main] INFO  o.s.c.s.PostProcessorRegistrationDelegate$BeanPostProcessorChecker - Bean 'org.springframework.integration.config.IntegrationManagementConfiguration' of type [org.springframework.integration.config.IntegrationManagementConfiguration] is not eligible for getting processed by all BeanPostProcessors (for example: not eligible for auto-proxying)
2022-04-20 13:21:33.684 [main] INFO  o.s.c.s.PostProcessorRegistrationDelegate$BeanPostProcessorChecker - Bean 'integrationChannelResolver' of type [org.springframework.integration.support.channel.BeanFactoryChannelResolver] is not eligible for getting processed by all BeanPostProcessors (for example: not eligible for auto-proxying)
2022-04-20 13:21:37.683 [main] INFO  o.s.c.f.c.c.BeanFactoryAwareFunctionRegistry - Can't determine default function definition. Please use 'spring.cloud.function.definition' property to explicitly define it.
2022-04-20 13:21:37.929 [main] INFO  o.s.b.a.e.web.EndpointLinksResolver - Exposing 1 endpoint(s) beneath base path '/actuator'
2022-04-20 13:21:38.153 [main] INFO  o.s.i.endpoint.EventDrivenConsumer - Adding {logging-channel-adapter:_org.springframework.integration.errorLogger} as a subscriber to the 'errorChannel' channel
2022-04-20 13:21:38.153 [main] INFO  o.s.i.c.PublishSubscribeChannel - Channel 'application.errorChannel' has 1 subscriber(s).
2022-04-20 13:21:38.153 [main] INFO  o.s.i.endpoint.EventDrivenConsumer - started bean '_org.springframework.integration.errorLogger'
2022-04-20 13:21:38.154 [main] INFO  o.s.a.r.c.CachingConnectionFactory - Attempting to connect to: [localhost:5672]
2022-04-20 13:21:38.162 [main] INFO  o.s.a.r.l.DirectReplyToMessageListenerContainer - Broker not available; cannot force queue declarations during start: java.net.ConnectException: Connection refused (Connection refused)
2022-04-20 13:21:38.173 [main] INFO  o.s.a.r.l.DirectReplyToMessageListenerContainer - Container initialized for queues: [amq.rabbitmq.reply-to]
2022-04-20 13:21:38.174 [main] INFO  o.s.a.r.c.CachingConnectionFactory - Attempting to connect to: [localhost:5672]
2022-04-20 13:21:38.175 [main] INFO  o.s.a.r.l.SimpleMessageListenerContainer - Broker not available; cannot force queue declarations during start: java.net.ConnectException: Connection refused (Connection refused)
2022-04-20 13:21:38.183 [messageListenerContainer-1] INFO  o.s.a.r.c.CachingConnectionFactory - Attempting to connect to: [localhost:5672]
2022-04-20 13:21:38.189 [messageListenerContainer-1] ERROR o.s.a.r.l.SimpleMessageListenerContainer - Failed to check/redeclare auto-delete queue(s).
org.springframework.amqp.AmqpConnectException: java.net.ConnectException: Connection refused (Connection refused)
	at org.springframework.amqp.rabbit.support.RabbitExceptionTranslator.convertRabbitAccessException(RabbitExceptionTranslator.java:61)
	at org.springframework.amqp.rabbit.connection.AbstractConnectionFactory.createBareConnection(AbstractConnectionFactory.java:602)
	at org.springframework.amqp.rabbit.connection.CachingConnectionFactory.createConnection(CachingConnectionFactory.java:724)
	at org.springframework.amqp.rabbit.connection.ConnectionFactoryUtils.createConnection(ConnectionFactoryUtils.java:252)
	at org.springframework.amqp.rabbit.core.RabbitTemplate.doExecute(RabbitTemplate.java:2165)
	at org.springframework.amqp.rabbit.core.RabbitTemplate.execute(RabbitTemplate.java:2138)
	at org.springframework.amqp.rabbit.core.RabbitTemplate.execute(RabbitTemplate.java:2118)
	at org.springframework.amqp.rabbit.core.RabbitAdmin.getQueueInfo(RabbitAdmin.java:463)
	at org.springframework.amqp.rabbit.core.RabbitAdmin.getQueueProperties(RabbitAdmin.java:447)
	at org.springframework.amqp.rabbit.listener.AbstractMessageListenerContainer.attemptDeclarations(AbstractMessageListenerContainer.java:1925)
	at org.springframework.amqp.rabbit.listener.AbstractMessageListenerContainer.redeclareElementsIfNecessary(AbstractMessageListenerContainer.java:1906)
	at org.springframework.amqp.rabbit.listener.SimpleMessageListenerContainer$AsyncMessageProcessingConsumer.initialize(SimpleMessageListenerContainer.java:1349)
	at org.springframework.amqp.rabbit.listener.SimpleMessageListenerContainer$AsyncMessageProcessingConsumer.run(SimpleMessageListenerContainer.java:1195)
	at java.base/java.lang.Thread.run(Thread.java:829)
Caused by: java.net.ConnectException: Connection refused (Connection refused)
	at java.base/java.net.PlainSocketImpl.socketConnect(Native Method)
	at java.base/java.net.AbstractPlainSocketImpl.doConnect(AbstractPlainSocketImpl.java:412)
	at java.base/java.net.AbstractPlainSocketImpl.connectToAddress(AbstractPlainSocketImpl.java:255)
	at java.base/java.net.AbstractPlainSocketImpl.connect(AbstractPlainSocketImpl.java:237)
	at java.base/java.net.SocksSocketImpl.connect(SocksSocketImpl.java:392)
	at java.base/java.net.Socket.connect(Socket.java:615)
	at com.rabbitmq.client.impl.SocketFrameHandlerFactory.create(SocketFrameHandlerFactory.java:60)
	at com.rabbitmq.client.ConnectionFactory.newConnection(ConnectionFactory.java:1223)
	at com.rabbitmq.client.ConnectionFactory.newConnection(ConnectionFactory.java:1173)
	at org.springframework.amqp.rabbit.connection.AbstractConnectionFactory.connectAddresses(AbstractConnectionFactory.java:640)
	at org.springframework.amqp.rabbit.connection.AbstractConnectionFactory.connect(AbstractConnectionFactory.java:615)
	at org.springframework.amqp.rabbit.connection.AbstractConnectionFactory.createBareConnection(AbstractConnectionFactory.java:565)
	... 12 common frames omitted
2022-04-20 13:21:38.194 [messageListenerContainer-1] INFO  o.s.a.r.c.CachingConnectionFactory - Attempting to connect to: [localhost:5672]
2022-04-20 13:21:38.214 [main] INFO  c.f.f.c.app.CseValidListenerTest - Started CseValidListenerTest in 9.451 seconds (JVM running for 12.522)
2022-04-20 13:21:38.557 [main] INFO  c.f.f.cse_valid.app.CseValidListener - Cse valid request received: com.farao_community.farao.cse_valid.api.resource.CseValidRequest@539c1ac5
2022-04-20 13:21:38.590 [main] INFO  c.f.f.cse_valid.app.CseValidListener - Cse valid response sent: com.farao_community.farao.cse_valid.api.resource.CseValidResponse@8482634
]]></system-out>
  </testcase>
  <testcase name="checkThatInvalidMessageReturnsError" classname="com.farao_community.farao.cse_valid.app.CseValidListenerTest" time="0.015"/>
</testsuite>