<?xml version="1.0" encoding="UTF-8"?>
<testsuite xmlns:xsi="http://www.w3.org/2001/XMLSchema-instance" xsi:noNamespaceSchemaLocation="https://maven.apache.org/surefire/maven-surefire-plugin/xsd/surefire-test-report-3.0.xsd" version="3.0" name="com.farao_community.farao.cse_valid.app.configuration.AmqpMessagesConfigurationTest" time="0.024" tests="1" errors="0" skipped="0" failures="0">
  <properties>
[...]
</properties>
  <testcase name="checkAmqpMessageConfiguration" classname="com.farao_community.farao.cse_valid.app.configuration.AmqpMessagesConfigurationTest" time="0.01">
    <system-out><![CDATA[2022-04-20 13:21:40.407 [main] INFO  o.s.b.t.c.SpringBootTestContextBootstrapper - Neither @ContextConfiguration nor @ContextHierarchy found for test class [com.farao_community.farao.cse_valid.app.configuration.AmqpMessagesConfigurationTest], using SpringBootContextLoader
2022-04-20 13:21:40.413 [main] INFO  o.s.t.c.s.AbstractContextLoader - Could not detect default resource locations for test class [com.farao_community.farao.cse_valid.app.configuration.AmqpMessagesConfigurationTest]: no resource found for suffixes {-context.xml, Context.groovy}.
2022-04-20 13:21:40.414 [main] INFO  o.s.t.c.s.AnnotationConfigContextLoaderUtils - Could not detect default configuration classes for test class [com.farao_community.farao.cse_valid.app.configuration.AmqpMessagesConfigurationTest]: AmqpMessagesConfigurationTest does not declare any static, non-private, non-final, nested classes annotated with @Configuration.
2022-04-20 13:21:40.415 [main] INFO  o.s.b.t.c.SpringBootTestContextBootstrapper - Found @SpringBootConfiguration com.farao_community.farao.cse_valid.app.CseValidApplication for test class com.farao_community.farao.cse_valid.app.configuration.AmqpMessagesConfigurationTest
2022-04-20 13:21:40.416 [main] INFO  o.s.b.t.c.SpringBootTestContextBootstrapper - Loaded default TestExecutionListener class names from location [META-INF/spring.factories]: [org.springframework.boot.test.mock.mockito.MockitoTestExecutionListener, org.springframework.boot.test.mock.mockito.ResetMocksTestExecutionListener, org.springframework.boot.test.autoconfigure.restdocs.RestDocsTestExecutionListener, org.springframework.boot.test.autoconfigure.web.client.MockRestServiceServerResetTestExecutionListener, org.springframework.boot.test.autoconfigure.web.servlet.MockMvcPrintOnlyOnFailureTestExecutionListener, org.springframework.boot.test.autoconfigure.web.servlet.WebDriverTestExecutionListener, org.springframework.boot.test.autoconfigure.webservices.client.MockWebServiceServerTestExecutionListener, org.springframework.test.context.web.ServletTestExecutionListener, org.springframework.test.context.support.DirtiesContextBeforeModesTestExecutionListener, org.springframework.test.context.event.ApplicationEventsTestExecutionListener, org.springframework.test.context.support.DependencyInjectionTestExecutionListener, org.springframework.test.context.support.DirtiesContextTestExecutionListener, org.springframework.test.context.transaction.TransactionalTestExecutionListener, org.springframework.test.context.jdbc.SqlScriptsTestExecutionListener, org.springframework.test.context.event.EventPublishingTestExecutionListener]
2022-04-20 13:21:40.416 [main] INFO  o.s.b.t.c.SpringBootTestContextBootstrapper - Using TestExecutionListeners: [org.springframework.test.context.web.ServletTestExecutionListener@7520458, org.springframework.test.context.support.DirtiesContextBeforeModesTestExecutionListener@4bb3a2c2, org.springframework.test.context.event.ApplicationEventsTestExecutionListener@2f24503f, org.springframework.boot.test.mock.mockito.MockitoTestExecutionListener@2c7ea80f, org.springframework.boot.test.autoconfigure.SpringBootDependencyInjectionTestExecutionListener@3b19091c, org.springframework.test.context.support.DirtiesContextTestExecutionListener@6d6a090f, org.springframework.test.context.transaction.TransactionalTestExecutionListener@60c20935, org.springframework.test.context.jdbc.SqlScriptsTestExecutionListener@39a5ebf2, org.springframework.test.context.event.EventPublishingTestExecutionListener@4a875433, org.springframework.boot.test.mock.mockito.ResetMocksTestExecutionListener@77980e1d, org.springframework.boot.test.autoconfigure.restdocs.RestDocsTestExecutionListener@7632a7a, org.springframework.boot.test.autoconfigure.web.client.MockRestServiceServerResetTestExecutionListener@118fab1f, org.springframework.boot.test.autoconfigure.web.servlet.MockMvcPrintOnlyOnFailureTestExecutionListener@61d943d1, org.springframework.boot.test.autoconfigure.web.servlet.WebDriverTestExecutionListener@56864111, org.springframework.boot.test.autoconfigure.webservices.client.MockWebServiceServerTestExecutionListener@48a89141]
]]></system-out>
  </testcase>
</testsuite>